[21:57:49] [ServerMain/INFO]: [bootstrap] Running Java 21 (OpenJDK 64-Bit Server VM 21.0.6+7-Ubuntu-120.04.1; Ubuntu null) on Linux 6.8.0-1026-azure (amd64)
[21:57:49] [ServerMain/INFO]: [bootstrap] Loading Paper 1.21.3-63-master@4190ee7 (2024-11-25T18:59:19Z) for Minecraft 1.21.3
[21:57:49] [ServerMain/INFO]: [PluginInitializerManager] Initializing plugins...
[21:57:49] [ServerMain/INFO]: [PluginInitializerManager] Initialized 0 plugins
[21:57:51] [Paper Plugin Remapper Thread - 0/INFO]: [ReobfServer] Remapping server...
[21:57:56] [ServerMain/INFO]: Environment: Environment[sessionHost=https://sessionserver.mojang.com, servicesHost=https://api.minecraftservices.com, name=PROD]
[21:57:56] [ServerMain/INFO]: Found new data pack file/bukkit, loading it automatically
[21:57:56] [ServerMain/INFO]: Found new data pack paper, loading it automatically
[21:57:58] [ServerMain/INFO]: No existing world data, creating new world
[21:57:59] [ServerMain/INFO]: Loaded 1337 recipes
[21:57:59] [ServerMain/INFO]: Loaded 1448 advancements
[21:58:00] [Server thread/INFO]: Starting minecraft server version 1.21.3
[21:58:00] [Server thread/INFO]: Loading properties
[21:58:00] [Server thread/INFO]: This server is running Paper version 1.21.3-63-master@4190ee7 (2024-11-25T18:59:19Z) (Implementing API version 1.21.3-R0.1-SNAPSHOT)
[21:58:00] [Paper Plugin Remapper Thread - 0/INFO]: [ReobfServer] Done remapping server in 9243ms.
[21:58:01] [Server thread/INFO]: [spark] This server bundles the spark profiler. For more information please visit https://docs.papermc.io/paper/profiling
[21:58:01] [Server thread/INFO]: Server Ping Player Sample Count: 12
[21:58:01] [Server thread/INFO]: Using 4 threads for Netty based IO
[21:58:01] [Server thread/INFO]: [MoonriseCommon] Paper is using 1 worker threads, 1 I/O threads
[21:58:01] [Server thread/INFO]: [ChunkTaskScheduler] Chunk system is using population gen parallelism: true
[21:58:02] [Server thread/INFO]: Default game type: SURVIVAL
[21:58:02] [Server thread/INFO]: Generating keypair
[21:58:02] [Server thread/INFO]: Starting Minecraft server on *:25565
[21:58:02] [Server thread/INFO]: Using epoll channel type
[21:58:02] [Server thread/INFO]: Paper: Using libdeflate (Linux x86_64) compression from Velocity.
[21:58:02] [Server thread/INFO]: Paper: Using OpenSSL 1.1.x (Linux x86_64) cipher from Velocity.
[21:58:02] [Server thread/WARN]: **** SERVER IS RUNNING IN OFFLINE/INSECURE MODE!
[21:58:02] [Server thread/WARN]: The server will make no attempt to authenticate usernames. Beware.
[21:58:02] [Server thread/WARN]: While this makes the game possible to play without internet access, it also opens up the ability for hackers to connect with any username they choose.
[21:58:02] [Server thread/WARN]: To change this, set "online-mode" to "true" in the server.properties file.
[21:58:02] [Server thread/INFO]: Preparing level "world"
[21:58:07] [Paper Common Worker #0/INFO]: [MCTypeRegistry] Initialising converters for DataConverter...
[21:58:08] [Paper Common Worker #0/INFO]: [MCTypeRegistry] Finished initialising converters for DataConverter in 281.6ms
[21:58:13] [Server thread/INFO]: Preparing start region for dimension minecraft:overworld
[21:58:13] [Server thread/INFO]: Preparing spawn area: 2%
[21:58:14] [Server thread/INFO]: Preparing spawn area: 2%
[21:58:14] [Server thread/INFO]: Preparing spawn area: 2%
[21:58:15] [Server thread/INFO]: Preparing spawn area: 2%
[21:58:16] [Server thread/INFO]: Preparing spawn area: 2%
[21:58:16] [Server thread/INFO]: Preparing spawn area: 16%
[21:58:16] [Server thread/INFO]: Preparing spawn area: 18%
[21:58:17] [Server thread/INFO]: Preparing spawn area: 18%
[21:58:17] [Server thread/INFO]: Preparing spawn area: 18%
[21:58:18] [Server thread/INFO]: Preparing spawn area: 40%
[21:58:18] [Server thread/INFO]: Preparing spawn area: 51%
[21:58:19] [Server thread/INFO]: Preparing spawn area: 53%
[21:58:19] [Server thread/INFO]: Preparing spawn area: 53%
[21:58:20] [Server thread/INFO]: Preparing spawn area: 53%
[21:58:20] [Server thread/INFO]: Preparing spawn area: 67%
[21:58:21] [Server thread/INFO]: Preparing spawn area: 71%
[21:58:21] [Server thread/INFO]: Time elapsed: 7795 ms
[21:58:21] [Server thread/INFO]: Preparing start region for dimension minecraft:the_nether
[21:58:21] [Server thread/INFO]: Preparing spawn area: 2%
[21:58:22] [Server thread/INFO]: Preparing spawn area: 2%
[21:58:22] [Server thread/INFO]: Preparing spawn area: 18%
[21:58:23] [Server thread/INFO]: Preparing spawn area: 18%
[21:58:23] [Server thread/INFO]: Preparing spawn area: 30%
[21:58:24] [Server thread/INFO]: Preparing spawn area: 51%
[21:58:24] [Server thread/INFO]: Preparing spawn area: 67%
[21:58:24] [Server thread/INFO]: Time elapsed: 3412 ms
[21:58:24] [Server thread/INFO]: Preparing start region for dimension minecraft:the_end
[21:58:24] [Server thread/INFO]: Preparing spawn area: 2%
[21:58:25] [Server thread/INFO]: Preparing spawn area: 2%
[21:58:25] [Server thread/INFO]: Preparing spawn area: 44%
[21:58:26] [Server thread/INFO]: Time elapsed: 1356 ms
[21:58:26] [Server thread/INFO]: [spark] Starting background profiler...
[21:58:26] [Server thread/INFO]: Done preparing level "world" (24.811s)
[21:58:26] [Server thread/INFO]: Running delayed init tasks
[21:58:27] [Server thread/INFO]: Done (38.111s)! For help, type "help"
[21:58:27] [Server thread/INFO]: *************************************************************************************
[21:58:27] [Server thread/INFO]: This is the first time you're starting this server.
[21:58:27] [Server thread/INFO]: It's recommended you read our 'Getting Started' documentation for guidance.
[21:58:27] [Server thread/INFO]: View this and more helpful information here: https://docs.papermc.io/paper/next-steps
[21:58:27] [Server thread/INFO]: *************************************************************************************
[21:58:42] [Server thread/INFO]: Unknown or incomplete command, see below for error
stoc<--[HERE]
[21:58:45] [Server thread/INFO]: Unknown or incomplete command, see below for error
stoc<--[HERE]
[21:58:50] [Server thread/INFO]: Unknown or incomplete command, see below for error
stoc<--[HERE]
